<?xml version="1.0" encoding="UTF-8"?>
<testsuite name="tutorial4.MainTest" tests="1" skipped="0" failures="0" errors="0" timestamp="2025-03-16T06:56:06" hostname="Khalifas-MBP" time="0.012">
  <properties/>
  <testcase name="test()" classname="tutorial4.MainTest" time="0.012"/>
  <system-out><![CDATA[]]></system-out>
  <system-err><![CDATA[]]></system-err>
</testsuite>
